2026-02-20 17:32:54,572 WARNING database DDL Query made to DB:
create table `tabCRM Deal Status` (
			name varchar(140) primary key,
			creation datetime(6),
			modified datetime(6),
			modified_by varchar(140),
			owner varchar(140),
			docstatus int(1) not null default '0',
			idx int(8) not null default '0',
			`deal_status` varchar(140) unique,
`type` varchar(140) default 'Open',
`position` int(11) not null default 0,
`probability` decimal(21,9) not null default 0,
`color` varchar(140) default 'gray',
`_user_tags` text,
`_comments` text,
`_assign` text,
`_liked_by` text,
index modified(modified))
			ENGINE=InnoDB
			ROW_FORMAT=DYNAMIC
			CHARACTER SET=utf8mb4
			COLLATE=utf8mb4_unicode_ci
2026-02-20 17:32:54,658 WARNING database DDL Query made to DB:
create table `tabCRM Call Log` (
			name varchar(140) primary key,
			creation datetime(6),
			modified datetime(6),
			modified_by varchar(140),
			owner varchar(140),
			docstatus int(1) not null default '0',
			idx int(8) not null default '0',
			`telephony_medium` varchar(140),
`id` varchar(140) unique,
`from` varchar(140),
`status` varchar(140),
`duration` decimal(21,9),
`medium` varchar(140),
`start_time` datetime(6),
`reference_doctype` varchar(140) default 'CRM Lead',
`reference_docname` varchar(140),
`to` varchar(140),
`type` varchar(140),
`receiver` varchar(140),
`caller` varchar(140),
`recording_url` varchar(140),
`end_time` datetime(6),
`note` varchar(140),
`_user_tags` text,
`_comments` text,
`_assign` text,
`_liked_by` text,
index modified(modified))
			ENGINE=InnoDB
			ROW_FORMAT=DYNAMIC
			CHARACTER SET=utf8mb4
			COLLATE=utf8mb4_unicode_ci
2026-02-20 17:32:54,744 WARNING database DDL Query made to DB:
create sequence if not exists crm_task_id_seq nocache nocycle
2026-02-20 17:32:54,757 WARNING database DDL Query made to DB:
create table `tabCRM Task` (
			name bigint primary key,
			creation datetime(6),
			modified datetime(6),
			modified_by varchar(140),
			owner varchar(140),
			docstatus int(1) not null default '0',
			idx int(8) not null default '0',
			`title` varchar(140),
`priority` varchar(140),
`start_date` date,
`reference_doctype` varchar(140) default 'CRM Lead',
`reference_docname` varchar(140),
`assigned_to` varchar(140),
`status` varchar(140),
`due_date` datetime(6),
`description` longtext,
`_user_tags` text,
`_comments` text,
`_assign` text,
`_liked_by` text,
index modified(modified))
			ENGINE=InnoDB
			ROW_FORMAT=DYNAMIC
			CHARACTER SET=utf8mb4
			COLLATE=utf8mb4_unicode_ci
2026-02-20 17:32:54,827 WARNING database DDL Query made to DB:
create table `tabCRM Status Change Log` (
			name varchar(140) primary key,
			creation datetime(6),
			modified datetime(6),
			modified_by varchar(140),
			owner varchar(140),
			docstatus int(1) not null default '0',
			idx int(8) not null default '0',
			`from` varchar(140),
`to` varchar(140),
`from_date` datetime(6),
`to_date` datetime(6),
`duration` decimal(21,9),
`last_status_change_log` varchar(140),
`from_type` varchar(140),
`to_type` varchar(140),
`log_owner` varchar(140),
parent varchar(140),
parentfield varchar(140),
parenttype varchar(140),
index parent(parent))
			ENGINE=InnoDB
			ROW_FORMAT=DYNAMIC
			CHARACTER SET=utf8mb4
			COLLATE=utf8mb4_unicode_ci
2026-02-20 17:32:54,893 WARNING database DDL Query made to DB:
create table `tabCRM Service Day` (
			name varchar(140) primary key,
			creation datetime(6),
			modified datetime(6),
			modified_by varchar(140),
			owner varchar(140),
			docstatus int(1) not null default '0',
			idx int(8) not null default '0',
			`workday` varchar(140),
`start_time` time(6),
`end_time` time(6),
parent varchar(140),
parentfield varchar(140),
parenttype varchar(140),
index parent(parent))
			ENGINE=InnoDB
			ROW_FORMAT=DYNAMIC
			CHARACTER SET=utf8mb4
			COLLATE=utf8mb4_unicode_ci
2026-02-20 17:32:55,018 WARNING database DDL Query made to DB:
create table `tabCRM Team Member` (
			name varchar(140) primary key,
			creation datetime(6),
			modified datetime(6),
			modified_by varchar(140),
			owner varchar(140),
			docstatus int(1) not null default '0',
			idx int(8) not null default '0',
			`team` varchar(140),
`user` varchar(140),
`user_name` varchar(140),
`role` varchar(140) default 'Member',
`_user_tags` text,
`_comments` text,
`_assign` text,
`_liked_by` text,
index modified(modified))
			ENGINE=InnoDB
			ROW_FORMAT=DYNAMIC
			CHARACTER SET=utf8mb4
			COLLATE=utf8mb4_unicode_ci
2026-02-20 17:32:55,083 WARNING database DDL Query made to DB:
create table `tabCRM Product` (
			name varchar(140) primary key,
			creation datetime(6),
			modified datetime(6),
			modified_by varchar(140),
			owner varchar(140),
			docstatus int(1) not null default '0',
			idx int(8) not null default '0',
			`naming_series` varchar(140),
`product_code` varchar(140) unique,
`product_name` varchar(140),
`disabled` int(1) not null default 0,
`standard_rate` decimal(21,9) not null default 0,
`image` text,
`description` longtext,
`_user_tags` text,
`_comments` text,
`_assign` text,
`_liked_by` text,
index modified(modified))
			ENGINE=InnoDB
			ROW_FORMAT=DYNAMIC
			CHARACTER SET=utf8mb4
			COLLATE=utf8mb4_unicode_ci
2026-02-20 17:32:55,148 WARNING database DDL Query made to DB:
create table `tabCRM Holiday` (
			name varchar(140) primary key,
			creation datetime(6),
			modified datetime(6),
			modified_by varchar(140),
			owner varchar(140),
			docstatus int(1) not null default '0',
			idx int(8) not null default '0',
			`date` date,
`weekly_off` int(1) not null default 0,
`description` longtext,
parent varchar(140),
parentfield varchar(140),
parenttype varchar(140),
index parent(parent))
			ENGINE=InnoDB
			ROW_FORMAT=DYNAMIC
			CHARACTER SET=utf8mb4
			COLLATE=utf8mb4_unicode_ci
2026-02-20 17:32:55,211 WARNING database DDL Query made to DB:
create table `tabCRM Organization` (
			name varchar(140) primary key,
			creation datetime(6),
			modified datetime(6),
			modified_by varchar(140),
			owner varchar(140),
			docstatus int(1) not null default '0',
			idx int(8) not null default '0',
			`organization_name` varchar(140) unique,
`no_of_employees` varchar(140),
`currency` varchar(140),
`exchange_rate` decimal(21,9) not null default 0,
`annual_revenue` decimal(21,9) not null default 0,
`organization_logo` text,
`website` varchar(140),
`territory` varchar(140),
`industry` varchar(140),
`address` varchar(140),
`_user_tags` text,
`_comments` text,
`_assign` text,
`_liked_by` text,
index modified(modified))
			ENGINE=InnoDB
			ROW_FORMAT=DYNAMIC
			CHARACTER SET=utf8mb4
			COLLATE=utf8mb4_unicode_ci
2026-02-20 17:32:55,286 WARNING database DDL Query made to DB:
create table `tabCRM Holiday List` (
			name varchar(140) primary key,
			creation datetime(6),
			modified datetime(6),
			modified_by varchar(140),
			owner varchar(140),
			docstatus int(1) not null default '0',
			idx int(8) not null default '0',
			`holiday_list_name` varchar(140) unique,
`from_date` date,
`to_date` date,
`total_holidays` int(11) not null default 0,
`weekly_off` varchar(140),
`_user_tags` text,
`_comments` text,
`_assign` text,
`_liked_by` text,
index modified(modified))
			ENGINE=InnoDB
			ROW_FORMAT=DYNAMIC
			CHARACTER SET=utf8mb4
			COLLATE=utf8mb4_unicode_ci
2026-02-20 17:32:55,350 WARNING database DDL Query made to DB:
create table `tabCRM Notification` (
			name varchar(140) primary key,
			creation datetime(6),
			modified datetime(6),
			modified_by varchar(140),
			owner varchar(140),
			docstatus int(1) not null default '0',
			idx int(8) not null default '0',
			`notification_text` text,
`from_user` varchar(140),
`type` varchar(140),
`to_user` varchar(140),
`read` int(1) not null default 0,
`reference_doctype` varchar(140),
`reference_name` varchar(140),
`notification_type_doctype` varchar(140),
`notification_type_doc` varchar(140),
`comment` varchar(140),
`message` longtext,
`_user_tags` text,
`_comments` text,
`_assign` text,
`_liked_by` text,
index modified(modified))
			ENGINE=InnoDB
			ROW_FORMAT=DYNAMIC
			CHARACTER SET=utf8mb4
			COLLATE=utf8mb4_unicode_ci
2026-02-20 17:32:55,428 WARNING database DDL Query made to DB:
create table `tabCRM Team` (
			name varchar(140) primary key,
			creation datetime(6),
			modified datetime(6),
			modified_by varchar(140),
			owner varchar(140),
			docstatus int(1) not null default '0',
			idx int(8) not null default '0',
			`team_name` varchar(140),
`enabled` int(1) not null default 1,
`department` varchar(140),
`department_name` varchar(140),
`shift` varchar(140),
`shift_name` varchar(140),
`team_leader` varchar(140),
`email` varchar(140),
`description` text,
`_user_tags` text,
`_comments` text,
`_assign` text,
`_liked_by` text,
index modified(modified))
			ENGINE=InnoDB
			ROW_FORMAT=DYNAMIC
			CHARACTER SET=utf8mb4
			COLLATE=utf8mb4_unicode_ci
2026-02-20 17:32:55,485 WARNING database DDL Query made to DB:
create table `tabCRM Global Settings` (
			name varchar(140) primary key,
			creation datetime(6),
			modified datetime(6),
			modified_by varchar(140),
			owner varchar(140),
			docstatus int(1) not null default '0',
			idx int(8) not null default '0',
			`dt` varchar(140) default 'DocType',
`type` varchar(140),
`json` json,
`_user_tags` text,
`_comments` text,
`_assign` text,
`_liked_by` text,
index modified(modified))
			ENGINE=InnoDB
			ROW_FORMAT=DYNAMIC
			CHARACTER SET=utf8mb4
			COLLATE=utf8mb4_unicode_ci
2026-02-20 17:32:55,545 WARNING database DDL Query made to DB:
create table `tabCRM Industry` (
			name varchar(140) primary key,
			creation datetime(6),
			modified datetime(6),
			modified_by varchar(140),
			owner varchar(140),
			docstatus int(1) not null default '0',
			idx int(8) not null default '0',
			`industry` varchar(140) unique,
`_user_tags` text,
`_comments` text,
`_assign` text,
`_liked_by` text,
index modified(modified))
			ENGINE=InnoDB
			ROW_FORMAT=DYNAMIC
			CHARACTER SET=utf8mb4
			COLLATE=utf8mb4_unicode_ci
2026-02-20 17:32:55,603 WARNING database DDL Query made to DB:
create table `tabCRM Lead Source` (
			name varchar(140) primary key,
			creation datetime(6),
			modified datetime(6),
			modified_by varchar(140),
			owner varchar(140),
			docstatus int(1) not null default '0',
			idx int(8) not null default '0',
			`source_name` varchar(140) unique,
`details` longtext,
`_user_tags` text,
`_comments` text,
`_assign` text,
`_liked_by` text,
index modified(modified))
			ENGINE=InnoDB
			ROW_FORMAT=DYNAMIC
			CHARACTER SET=utf8mb4
			COLLATE=utf8mb4_unicode_ci
2026-02-20 17:32:55,691 WARNING database DDL Query made to DB:
create table `tabCRM WhatsApp Message` (
			name varchar(140) primary key,
			creation datetime(6),
			modified datetime(6),
			modified_by varchar(140),
			owner varchar(140),
			docstatus int(1) not null default '0',
			idx int(8) not null default '0',
			`message_id` varchar(140) unique,
`phone_number` varchar(140),
`country_code` varchar(140) default '+91',
`status` varchar(140) default 'Pending',
`direction` varchar(140) default 'Outgoing',
`sent_by` varchar(140),
`template_name` varchar(140),
`template_language` varchar(140) default 'en',
`message_content` longtext,
`media_url` varchar(140),
`reference_doctype` varchar(140),
`reference_docname` varchar(140),
`callback_data` longtext,
`campaign_id` varchar(140),
`sent_at` datetime(6),
`delivered_at` datetime(6),
`read_at` datetime(6),
`failed_at` datetime(6),
`error_message` text,
`_user_tags` text,
`_comments` text,
`_assign` text,
`_liked_by` text,
index modified(modified))
			ENGINE=InnoDB
			ROW_FORMAT=DYNAMIC
			CHARACTER SET=utf8mb4
			COLLATE=utf8mb4_unicode_ci
2026-02-20 17:32:55,776 WARNING database DDL Query made to DB:
create table `tabFacebook Lead Form` (
			name varchar(140) primary key,
			creation datetime(6),
			modified datetime(6),
			modified_by varchar(140),
			owner varchar(140),
			docstatus int(1) not null default '0',
			idx int(8) not null default '0',
			`page` varchar(140),
`id` varchar(140) unique,
`form_name` varchar(140),
`_user_tags` text,
`_comments` text,
`_assign` text,
`_liked_by` text,
index modified(modified))
			ENGINE=InnoDB
			ROW_FORMAT=DYNAMIC
			CHARACTER SET=utf8mb4
			COLLATE=utf8mb4_unicode_ci
2026-02-20 17:32:55,826 WARNING database DDL Query made to DB:
create table `tabFailed Lead Sync Log` (
			name varchar(140) primary key,
			creation datetime(6),
			modified datetime(6),
			modified_by varchar(140),
			owner varchar(140),
			docstatus int(1) not null default '0',
			idx int(8) not null default '0',
			`type` varchar(140) default 'Failure',
`source` varchar(140),
`lead_data` longtext,
`traceback` longtext,
`_user_tags` text,
`_comments` text,
`_assign` text,
`_liked_by` text,
index modified(modified))
			ENGINE=InnoDB
			ROW_FORMAT=DYNAMIC
			CHARACTER SET=utf8mb4
			COLLATE=utf8mb4_unicode_ci
2026-02-20 17:32:55,883 WARNING database DDL Query made to DB:
create table `tabFacebook Page` (
			name varchar(140) primary key,
			creation datetime(6),
			modified datetime(6),
			modified_by varchar(140),
			owner varchar(140),
			docstatus int(1) not null default '0',
			idx int(8) not null default '0',
			`page_name` varchar(140),
`account_id` varchar(140),
`category` varchar(140),
`id` varchar(140) unique,
`access_token` text,
`_user_tags` text,
`_comments` text,
`_assign` text,
`_liked_by` text,
index modified(modified))
			ENGINE=InnoDB
			ROW_FORMAT=DYNAMIC
			CHARACTER SET=utf8mb4
			COLLATE=utf8mb4_unicode_ci
2026-02-20 17:32:55,938 WARNING database DDL Query made to DB:
create table `tabLead Sync Source` (
			name varchar(140) primary key,
			creation datetime(6),
			modified datetime(6),
			modified_by varchar(140),
			owner varchar(140),
			docstatus int(1) not null default '0',
			idx int(8) not null default '0',
			`type` varchar(140) default 'Facebook',
`access_token` text,
`last_synced_at` datetime(6),
`enabled` int(1) not null default 1,
`background_sync_frequency` varchar(140) default 'Hourly',
`facebook_page` varchar(140),
`facebook_lead_form` varchar(140) unique,
`_user_tags` text,
`_comments` text,
`_assign` text,
`_liked_by` text,
index modified(modified))
			ENGINE=InnoDB
			ROW_FORMAT=DYNAMIC
			CHARACTER SET=utf8mb4
			COLLATE=utf8mb4_unicode_ci
2026-02-20 17:32:55,991 WARNING database DDL Query made to DB:
create table `tabFacebook Lead Form Question` (
			name varchar(140) primary key,
			creation datetime(6),
			modified datetime(6),
			modified_by varchar(140),
			owner varchar(140),
			docstatus int(1) not null default '0',
			idx int(8) not null default '0',
			`label` varchar(140),
`id` varchar(140),
`key` varchar(140),
`type` varchar(140),
`mapped_to_crm_field` varchar(140),
parent varchar(140),
parentfield varchar(140),
parenttype varchar(140),
index parent(parent))
			ENGINE=InnoDB
			ROW_FORMAT=DYNAMIC
			CHARACTER SET=utf8mb4
			COLLATE=utf8mb4_unicode_ci
2026-02-20 17:32:56,843 WARNING database DDL Query made to DB:
ALTER TABLE `tabEmail Template` ADD COLUMN `enabled` int(1) not null default 0, ADD COLUMN `reference_doctype` varchar(140)
2026-02-20 17:32:57,255 WARNING database DDL Query made to DB:
ALTER TABLE `tabAssignment Rule` ADD COLUMN `assign_condition_json` longtext, ADD COLUMN `unassign_condition_json` longtext
2026-02-20 17:36:03,322 WARNING database DDL Query made to DB:
DROP DATABASE IF EXISTS `_76586ea39756b762`
2026-02-20 17:36:03,324 WARNING database DDL Query made to DB:
DROP USER IF EXISTS '_76586ea39756b762'@'%'
2026-02-20 17:36:03,326 WARNING database DDL Query made to DB:
DROP USER IF EXISTS '_76586ea39756b762'@'localhost'
