_HiStOrY_V2_
SHOW\040TABLES\040LIKE\040'%Installed%';
SELECT\040app_name\040FROM\040`tabInstalled\040Application`;
DELETE\040FROM\040`tabInstalled\040Application`
WHERE\040app_name\040=\040'ipshopy';
DELETE\040FROM\040`tabInstalled\040Application`\040WHERE\040app_name\040=\040'ipshopy';
SET\040SQL_SAFE_UPDATES\040=\0400;
DELETE\040FROM\040`tabInstalled\040Application`
WHERE\040app_name\040=\040'ipshopy';
DELETE\040FROM\040`tabInstalled\040Application`\040WHERE\040app_name\040=\040'ipshopy';
SELECT\040app_name\040FROM\040`tabInstalled\040Application`;
DELETE\040FROM\040`tabSingles`
WHERE\040doctype\040=\040'Installed\040Applications';
DELETE\040FROM\040`tabSingles`\040WHERE\040doctype\040=\040'Installed\040Applications';
INSERT\040INTO\040`tabSingles`\040(doctype,\040field,\040value)
VALUES
('Installed\040Applications',\040'installed_applications',\040'frappe'),
('Installed\040Applications',\040'installed_applications',\040'crm');
INSERT\040INTO\040`tabSingles`\040(doctype,\040field,\040value)\040VALUES\040('Installed\040Applications',\040'installed_applications',\040'frappe'),\040('Installed\040Applications',\040'installed_applications',\040'crm');
SELECT\040*\040FROM\040`tabSingles`
WHERE\040doctype\040=\040'Installed\040Applications';
SELECT\040*\040FROM\040`tabSingles`\040WHERE\040doctype\040=\040'Installed\040Applications';
bench\040--site\040ipshopy.localhost\040mariadb
SELECT\040name,\040app_name\040FROM\040`tabInstalled\040Application`;
SELECT\040patch\040FROM\040`tabPatch\040Log`
WHERE\040patch\040LIKE\040'%ipshopy%';
SELECT\040patch\040FROM\040`tabPatch\040Log`\040WHERE\040patch\040LIKE\040'%ipshopy%';
rm\040-rf\040~/frappe-bench/env/lib/python*/site-packages/ipshopy*
exit
