2026-02-26 16:02:48,327 ERROR scheduler Skipped queueing frappe.website.doctype.personal_data_deletion_request.personal_data_deletion_request.process_data_deletion_request because it was found in queue for ipshopy.localhost
2026-02-26 16:02:48,333 ERROR scheduler Skipped queueing frappe.model.utils.link_count.update_link_count because it was found in queue for ipshopy.localhost
2026-02-26 16:02:48,334 ERROR scheduler Skipped queueing crm.api.event.trigger_hourly_event_notifications because it was found in queue for ipshopy.localhost
2026-02-26 16:02:48,338 ERROR scheduler Skipped queueing frappe.twofactor.delete_all_barcodes_for_users because it was found in queue for ipshopy.localhost
2026-02-26 16:02:48,339 ERROR scheduler Skipped queueing frappe.desk.form.document_follow.send_hourly_updates because it was found in queue for ipshopy.localhost
2026-02-26 16:02:48,340 ERROR scheduler Skipped queueing frappe.core.doctype.prepared_report.prepared_report.expire_stalled_report because it was found in queue for ipshopy.localhost
2026-02-26 16:02:48,342 ERROR scheduler Skipped queueing frappe.utils.telemetry.pulse.client.send_queued_events because it was found in queue for ipshopy.localhost
2026-02-26 16:02:48,345 ERROR scheduler Skipped queueing crm.api.event.trigger_offset_event_notifications because it was found in queue for ipshopy.localhost
2026-02-26 16:02:48,348 ERROR scheduler Skipped queueing frappe.email.doctype.email_account.email_account.notify_unreplied because it was found in queue for ipshopy.localhost
2026-02-26 16:02:48,352 ERROR scheduler Skipped queueing frappe.monitor.flush because it was found in queue for ipshopy.localhost
2026-02-26 16:02:48,353 ERROR scheduler Skipped queueing frappe.website.doctype.web_page.web_page.check_publish_status because it was found in queue for ipshopy.localhost
2026-02-26 16:02:48,355 ERROR scheduler Skipped queueing frappe.desk.utils.delete_old_exported_report_files because it was found in queue for ipshopy.localhost
2026-02-26 16:02:48,356 ERROR scheduler Skipped queueing frappe.email.queue.flush because it was found in queue for ipshopy.localhost
2026-02-26 16:02:48,358 ERROR scheduler Skipped queueing frappe.email.doctype.newsletter.newsletter.send_scheduled_email because it was found in queue for ipshopy.localhost
2026-02-26 16:02:48,362 ERROR scheduler Skipped queueing crm.lead_syncing.background_sync.sync_leads_from_sources_5_minutes because it was found in queue for ipshopy.localhost
2026-02-26 16:02:48,363 ERROR scheduler Skipped queueing frappe.model.utils.user_settings.sync_user_settings because it was found in queue for ipshopy.localhost
2026-02-26 16:02:48,365 ERROR scheduler Skipped queueing crm.lead_syncing.background_sync.sync_leads_from_sources_2_minutes because it was found in queue for ipshopy.localhost
2026-02-26 16:02:48,366 ERROR scheduler Skipped queueing frappe.email.queue.retry_sending_emails because it was found in queue for ipshopy.localhost
2026-02-26 16:02:48,368 ERROR scheduler Skipped queueing frappe.integrations.doctype.google_calendar.google_calendar.sync because it was found in queue for ipshopy.localhost
2026-02-26 16:02:48,369 ERROR scheduler Skipped queueing crm.lead_syncing.background_sync.sync_leads_from_sources_15_minutes because it was found in queue for ipshopy.localhost
2026-02-26 16:03:48,480 ERROR scheduler Skipped queueing crm.api.event.trigger_hourly_event_notifications because it was found in queue for ipshopy.localhost
2026-02-26 16:03:48,482 ERROR scheduler Skipped queueing frappe.email.doctype.email_account.email_account.pull because it was found in queue for ipshopy.localhost
2026-02-26 16:03:48,483 ERROR scheduler Skipped queueing frappe.website.doctype.personal_data_deletion_request.personal_data_deletion_request.process_data_deletion_request because it was found in queue for ipshopy.localhost
2026-02-26 16:03:48,484 ERROR scheduler Skipped queueing crm.api.event.trigger_offset_event_notifications because it was found in queue for ipshopy.localhost
2026-02-26 16:03:48,487 ERROR scheduler Skipped queueing frappe.email.queue.flush because it was found in queue for ipshopy.localhost
2026-02-26 16:03:48,488 ERROR scheduler Skipped queueing crm.lead_syncing.background_sync.sync_leads_from_sources_hourly because it was found in queue for ipshopy.localhost
2026-02-26 16:03:48,490 ERROR scheduler Skipped queueing frappe.automation.doctype.reminder.reminder.send_reminders because it was found in queue for ipshopy.localhost
2026-02-26 16:03:48,492 ERROR scheduler Skipped queueing frappe.model.utils.link_count.update_link_count because it was found in queue for ipshopy.localhost
2026-02-26 16:03:48,494 ERROR scheduler Skipped queueing frappe.model.utils.user_settings.sync_user_settings because it was found in queue for ipshopy.localhost
2026-02-26 16:03:48,496 ERROR scheduler Skipped queueing frappe.twofactor.delete_all_barcodes_for_users because it was found in queue for ipshopy.localhost
2026-02-26 16:03:48,499 ERROR scheduler Skipped queueing frappe.monitor.flush because it was found in queue for ipshopy.localhost
2026-02-26 16:03:48,500 ERROR scheduler Skipped queueing frappe.website.doctype.web_page.web_page.check_publish_status because it was found in queue for ipshopy.localhost
2026-02-26 16:03:48,503 ERROR scheduler Skipped queueing frappe.oauth.delete_oauth2_data because it was found in queue for ipshopy.localhost
2026-02-26 16:03:48,506 ERROR scheduler Skipped queueing frappe.search.sqlite_search.build_index_if_not_exists because it was found in queue for ipshopy.localhost
2026-02-26 16:03:48,509 ERROR scheduler Skipped queueing crm.lead_syncing.background_sync.sync_leads_from_sources_2_minutes because it was found in queue for ipshopy.localhost
2026-02-26 16:03:48,510 ERROR scheduler Skipped queueing frappe.email.doctype.newsletter.newsletter.send_scheduled_email because it was found in queue for ipshopy.localhost
2026-02-26 16:03:48,511 ERROR scheduler Skipped queueing frappe.desk.page.backups.backups.delete_downloadable_backups because it was found in queue for ipshopy.localhost
2026-02-26 16:03:48,513 ERROR scheduler Skipped queueing frappe.utils.telemetry.pulse.client.send_queued_events because it was found in queue for ipshopy.localhost
2026-02-26 16:03:48,515 ERROR scheduler Skipped queueing frappe.core.doctype.prepared_report.prepared_report.expire_stalled_report because it was found in queue for ipshopy.localhost
2026-02-26 16:03:48,516 ERROR scheduler Skipped queueing crm.lead_syncing.background_sync.sync_leads_from_sources_10_minutes because it was found in queue for ipshopy.localhost
2026-02-26 16:03:48,519 ERROR scheduler Skipped queueing crm.lead_syncing.background_sync.sync_leads_from_sources_5_minutes because it was found in queue for ipshopy.localhost
2026-02-26 16:03:48,521 ERROR scheduler Skipped queueing frappe.integrations.doctype.google_calendar.google_calendar.sync because it was found in queue for ipshopy.localhost
2026-02-26 16:03:48,522 ERROR scheduler Skipped queueing frappe.email.doctype.email_account.email_account.notify_unreplied because it was found in queue for ipshopy.localhost
2026-02-26 16:03:48,524 ERROR scheduler Skipped queueing frappe.desk.utils.delete_old_exported_report_files because it was found in queue for ipshopy.localhost
2026-02-26 16:03:48,525 ERROR scheduler Skipped queueing frappe.desk.form.document_follow.send_hourly_updates because it was found in queue for ipshopy.localhost
2026-02-26 16:03:48,527 ERROR scheduler Skipped queueing frappe.deferred_insert.save_to_db because it was found in queue for ipshopy.localhost
2026-02-26 16:03:48,529 ERROR scheduler Skipped queueing crm.lead_syncing.background_sync.sync_leads_from_sources_15_minutes because it was found in queue for ipshopy.localhost
2026-02-26 16:03:48,531 ERROR scheduler Skipped queueing frappe.email.queue.retry_sending_emails because it was found in queue for ipshopy.localhost
2026-02-26 16:04:48,633 ERROR scheduler Skipped queueing frappe.website.doctype.web_page.web_page.check_publish_status because it was found in queue for ipshopy.localhost
2026-02-26 16:04:48,634 ERROR scheduler Skipped queueing frappe.twofactor.delete_all_barcodes_for_users because it was found in queue for ipshopy.localhost
2026-02-26 16:04:48,636 ERROR scheduler Skipped queueing frappe.email.queue.retry_sending_emails because it was found in queue for ipshopy.localhost
2026-02-26 16:04:48,637 ERROR scheduler Skipped queueing crm.api.event.trigger_hourly_event_notifications because it was found in queue for ipshopy.localhost
2026-02-26 16:04:48,638 ERROR scheduler Skipped queueing crm.lead_syncing.background_sync.sync_leads_from_sources_5_minutes because it was found in queue for ipshopy.localhost
2026-02-26 16:04:48,640 ERROR scheduler Skipped queueing frappe.integrations.doctype.google_calendar.google_calendar.sync because it was found in queue for ipshopy.localhost
2026-02-26 16:04:48,641 ERROR scheduler Skipped queueing frappe.email.queue.flush because it was found in queue for ipshopy.localhost
2026-02-26 16:04:48,642 ERROR scheduler Skipped queueing frappe.desk.form.document_follow.send_hourly_updates because it was found in queue for ipshopy.localhost
2026-02-26 16:04:48,645 ERROR scheduler Skipped queueing frappe.search.sqlite_search.build_index_if_not_exists because it was found in queue for ipshopy.localhost
2026-02-26 16:04:48,646 ERROR scheduler Skipped queueing frappe.desk.page.backups.backups.delete_downloadable_backups because it was found in queue for ipshopy.localhost
2026-02-26 16:04:48,647 ERROR scheduler Skipped queueing frappe.monitor.flush because it was found in queue for ipshopy.localhost
2026-02-26 16:04:48,650 ERROR scheduler Skipped queueing frappe.core.doctype.prepared_report.prepared_report.expire_stalled_report because it was found in queue for ipshopy.localhost
2026-02-26 16:04:48,653 ERROR scheduler Skipped queueing frappe.model.utils.user_settings.sync_user_settings because it was found in queue for ipshopy.localhost
2026-02-26 16:04:48,655 ERROR scheduler Skipped queueing crm.lead_syncing.background_sync.sync_leads_from_sources_2_minutes because it was found in queue for ipshopy.localhost
2026-02-26 16:04:48,657 ERROR scheduler Skipped queueing frappe.oauth.delete_oauth2_data because it was found in queue for ipshopy.localhost
2026-02-26 16:04:48,659 ERROR scheduler Skipped queueing frappe.website.doctype.personal_data_deletion_request.personal_data_deletion_request.process_data_deletion_request because it was found in queue for ipshopy.localhost
2026-02-26 16:04:48,660 ERROR scheduler Skipped queueing frappe.email.doctype.newsletter.newsletter.send_scheduled_email because it was found in queue for ipshopy.localhost
2026-02-26 16:04:48,665 ERROR scheduler Skipped queueing frappe.desk.utils.delete_old_exported_report_files because it was found in queue for ipshopy.localhost
2026-02-26 16:04:48,666 ERROR scheduler Skipped queueing crm.api.event.trigger_offset_event_notifications because it was found in queue for ipshopy.localhost
2026-02-26 16:04:48,667 ERROR scheduler Skipped queueing crm.lead_syncing.background_sync.sync_leads_from_sources_hourly because it was found in queue for ipshopy.localhost
2026-02-26 16:05:48,734 ERROR scheduler Skipped queueing crm.lead_syncing.background_sync.sync_leads_from_sources_10_minutes because it was found in queue for ipshopy.localhost
2026-02-26 16:05:48,735 ERROR scheduler Skipped queueing frappe.email.doctype.newsletter.newsletter.send_scheduled_email because it was found in queue for ipshopy.localhost
2026-02-26 16:05:48,737 ERROR scheduler Skipped queueing frappe.email.doctype.email_account.email_account.notify_unreplied because it was found in queue for ipshopy.localhost
2026-02-26 16:05:48,739 ERROR scheduler Skipped queueing frappe.website.doctype.personal_data_deletion_request.personal_data_deletion_request.process_data_deletion_request because it was found in queue for ipshopy.localhost
2026-02-26 16:05:48,740 ERROR scheduler Skipped queueing frappe.twofactor.delete_all_barcodes_for_users because it was found in queue for ipshopy.localhost
2026-02-26 16:05:48,743 ERROR scheduler Skipped queueing frappe.desk.form.document_follow.send_hourly_updates because it was found in queue for ipshopy.localhost
2026-02-26 16:05:48,744 ERROR scheduler Skipped queueing frappe.email.queue.retry_sending_emails because it was found in queue for ipshopy.localhost
2026-02-26 16:05:48,747 ERROR scheduler Skipped queueing frappe.model.utils.link_count.update_link_count because it was found in queue for ipshopy.localhost
2026-02-26 16:05:48,749 ERROR scheduler Skipped queueing frappe.monitor.flush because it was found in queue for ipshopy.localhost
2026-02-26 16:05:48,751 ERROR scheduler Skipped queueing frappe.deferred_insert.save_to_db because it was found in queue for ipshopy.localhost
2026-02-26 16:05:48,752 ERROR scheduler Skipped queueing frappe.integrations.doctype.google_calendar.google_calendar.sync because it was found in queue for ipshopy.localhost
2026-02-26 16:05:48,758 ERROR scheduler Skipped queueing frappe.search.sqlite_search.build_index_if_not_exists because it was found in queue for ipshopy.localhost
2026-02-26 16:05:48,760 ERROR scheduler Skipped queueing frappe.desk.utils.delete_old_exported_report_files because it was found in queue for ipshopy.localhost
2026-02-26 16:05:48,763 ERROR scheduler Skipped queueing frappe.utils.telemetry.pulse.client.send_queued_events because it was found in queue for ipshopy.localhost
2026-02-26 16:05:48,765 ERROR scheduler Skipped queueing crm.lead_syncing.background_sync.sync_leads_from_sources_2_minutes because it was found in queue for ipshopy.localhost
2026-02-26 16:05:48,766 ERROR scheduler Skipped queueing crm.api.event.trigger_hourly_event_notifications because it was found in queue for ipshopy.localhost
2026-02-26 16:05:48,768 ERROR scheduler Skipped queueing frappe.core.doctype.prepared_report.prepared_report.expire_stalled_report because it was found in queue for ipshopy.localhost
2026-02-26 16:05:48,770 ERROR scheduler Skipped queueing frappe.website.doctype.web_page.web_page.check_publish_status because it was found in queue for ipshopy.localhost
2026-02-26 16:05:48,771 ERROR scheduler Skipped queueing frappe.email.queue.flush because it was found in queue for ipshopy.localhost
2026-02-26 16:05:48,772 ERROR scheduler Skipped queueing frappe.model.utils.user_settings.sync_user_settings because it was found in queue for ipshopy.localhost
2026-02-26 16:05:48,774 ERROR scheduler Skipped queueing frappe.automation.doctype.reminder.reminder.send_reminders because it was found in queue for ipshopy.localhost
2026-02-26 16:05:48,776 ERROR scheduler Skipped queueing frappe.desk.page.backups.backups.delete_downloadable_backups because it was found in queue for ipshopy.localhost
2026-02-26 16:05:48,777 ERROR scheduler Skipped queueing frappe.oauth.delete_oauth2_data because it was found in queue for ipshopy.localhost
2026-02-26 16:05:48,780 ERROR scheduler Skipped queueing crm.lead_syncing.background_sync.sync_leads_from_sources_5_minutes because it was found in queue for ipshopy.localhost
2026-02-26 16:05:48,784 ERROR scheduler Skipped queueing crm.lead_syncing.background_sync.sync_leads_from_sources_15_minutes because it was found in queue for ipshopy.localhost
2026-02-26 16:05:48,787 ERROR scheduler Skipped queueing frappe.email.doctype.email_account.email_account.pull because it was found in queue for ipshopy.localhost
2026-02-26 16:05:48,789 ERROR scheduler Skipped queueing crm.lead_syncing.background_sync.sync_leads_from_sources_hourly because it was found in queue for ipshopy.localhost
2026-02-26 16:05:48,791 ERROR scheduler Skipped queueing crm.api.event.trigger_offset_event_notifications because it was found in queue for ipshopy.localhost
2026-02-26 16:06:48,898 ERROR scheduler Skipped queueing frappe.oauth.delete_oauth2_data because it was found in queue for ipshopy.localhost
2026-02-26 16:06:48,900 ERROR scheduler Skipped queueing frappe.twofactor.delete_all_barcodes_for_users because it was found in queue for ipshopy.localhost
2026-02-26 16:06:48,903 ERROR scheduler Skipped queueing frappe.desk.form.document_follow.send_hourly_updates because it was found in queue for ipshopy.localhost
2026-02-26 16:06:48,904 ERROR scheduler Skipped queueing frappe.desk.page.backups.backups.delete_downloadable_backups because it was found in queue for ipshopy.localhost
2026-02-26 16:06:48,906 ERROR scheduler Skipped queueing frappe.model.utils.user_settings.sync_user_settings because it was found in queue for ipshopy.localhost
2026-02-26 16:06:48,920 ERROR scheduler Skipped queueing frappe.website.doctype.web_page.web_page.check_publish_status because it was found in queue for ipshopy.localhost
2026-02-26 16:06:48,924 ERROR scheduler Skipped queueing frappe.website.doctype.personal_data_deletion_request.personal_data_deletion_request.process_data_deletion_request because it was found in queue for ipshopy.localhost
2026-02-26 16:06:48,936 ERROR scheduler Skipped queueing frappe.desk.utils.delete_old_exported_report_files because it was found in queue for ipshopy.localhost
2026-02-26 16:06:48,938 ERROR scheduler Skipped queueing frappe.core.doctype.prepared_report.prepared_report.expire_stalled_report because it was found in queue for ipshopy.localhost
2026-02-26 16:06:48,943 ERROR scheduler Skipped queueing crm.lead_syncing.background_sync.sync_leads_from_sources_hourly because it was found in queue for ipshopy.localhost
2026-02-26 16:07:49,057 ERROR scheduler Skipped queueing frappe.desk.utils.delete_old_exported_report_files because it was found in queue for ipshopy.localhost
2026-02-26 16:07:49,064 ERROR scheduler Skipped queueing frappe.twofactor.delete_all_barcodes_for_users because it was found in queue for ipshopy.localhost
2026-02-26 16:07:49,065 ERROR scheduler Skipped queueing frappe.model.utils.user_settings.sync_user_settings because it was found in queue for ipshopy.localhost
2026-02-26 16:07:49,067 ERROR scheduler Skipped queueing frappe.oauth.delete_oauth2_data because it was found in queue for ipshopy.localhost
2026-02-26 16:07:49,073 ERROR scheduler Skipped queueing crm.lead_syncing.background_sync.sync_leads_from_sources_hourly because it was found in queue for ipshopy.localhost
2026-02-26 16:07:49,082 ERROR scheduler Skipped queueing frappe.website.doctype.web_page.web_page.check_publish_status because it was found in queue for ipshopy.localhost
2026-02-26 16:07:49,087 ERROR scheduler Skipped queueing frappe.website.doctype.personal_data_deletion_request.personal_data_deletion_request.process_data_deletion_request because it was found in queue for ipshopy.localhost
2026-02-26 16:07:49,089 ERROR scheduler Skipped queueing frappe.desk.form.document_follow.send_hourly_updates because it was found in queue for ipshopy.localhost
2026-02-26 16:07:49,102 ERROR scheduler Skipped queueing frappe.desk.page.backups.backups.delete_downloadable_backups because it was found in queue for ipshopy.localhost
2026-02-26 16:07:49,103 ERROR scheduler Skipped queueing frappe.core.doctype.prepared_report.prepared_report.expire_stalled_report because it was found in queue for ipshopy.localhost
2026-02-26 16:07:49,107 ERROR scheduler Skipped queueing crm.lead_syncing.background_sync.sync_leads_from_sources_2_minutes because it was found in queue for ipshopy.localhost
2026-02-26 16:08:49,232 ERROR scheduler Skipped queueing crm.lead_syncing.background_sync.sync_leads_from_sources_5_minutes because it was found in queue for ipshopy.localhost
2026-02-26 16:08:49,244 ERROR scheduler Skipped queueing frappe.twofactor.delete_all_barcodes_for_users because it was found in queue for ipshopy.localhost
2026-02-26 16:08:49,257 ERROR scheduler Skipped queueing frappe.model.utils.user_settings.sync_user_settings because it was found in queue for ipshopy.localhost
2026-02-26 16:08:49,260 ERROR scheduler Skipped queueing frappe.website.doctype.web_page.web_page.check_publish_status because it was found in queue for ipshopy.localhost
2026-02-26 16:08:49,279 ERROR scheduler Skipped queueing frappe.oauth.delete_oauth2_data because it was found in queue for ipshopy.localhost
2026-02-26 16:08:49,290 ERROR scheduler Skipped queueing crm.lead_syncing.background_sync.sync_leads_from_sources_hourly because it was found in queue for ipshopy.localhost
2026-02-26 16:08:49,308 ERROR scheduler Skipped queueing frappe.core.doctype.prepared_report.prepared_report.expire_stalled_report because it was found in queue for ipshopy.localhost
2026-02-26 16:08:49,310 ERROR scheduler Skipped queueing frappe.desk.utils.delete_old_exported_report_files because it was found in queue for ipshopy.localhost
2026-02-26 16:08:49,339 ERROR scheduler Skipped queueing frappe.desk.form.document_follow.send_hourly_updates because it was found in queue for ipshopy.localhost
2026-02-26 16:08:49,344 ERROR scheduler Skipped queueing frappe.website.doctype.personal_data_deletion_request.personal_data_deletion_request.process_data_deletion_request because it was found in queue for ipshopy.localhost
2026-02-26 16:08:49,360 ERROR scheduler Skipped queueing crm.lead_syncing.background_sync.sync_leads_from_sources_2_minutes because it was found in queue for ipshopy.localhost
2026-02-26 16:08:49,365 ERROR scheduler Skipped queueing frappe.desk.page.backups.backups.delete_downloadable_backups because it was found in queue for ipshopy.localhost
2026-02-26 16:09:49,487 ERROR scheduler Skipped queueing frappe.monitor.flush because it was found in queue for ipshopy.localhost
2026-02-26 16:09:49,488 ERROR scheduler Skipped queueing crm.lead_syncing.background_sync.sync_leads_from_sources_hourly because it was found in queue for ipshopy.localhost
2026-02-26 16:09:49,490 ERROR scheduler Skipped queueing frappe.desk.utils.delete_old_exported_report_files because it was found in queue for ipshopy.localhost
2026-02-26 16:09:49,491 ERROR scheduler Skipped queueing frappe.model.utils.user_settings.sync_user_settings because it was found in queue for ipshopy.localhost
2026-02-26 16:09:49,493 ERROR scheduler Skipped queueing frappe.desk.page.backups.backups.delete_downloadable_backups because it was found in queue for ipshopy.localhost
2026-02-26 16:09:49,496 ERROR scheduler Skipped queueing frappe.website.doctype.web_page.web_page.check_publish_status because it was found in queue for ipshopy.localhost
2026-02-26 16:09:49,497 ERROR scheduler Skipped queueing frappe.desk.form.document_follow.send_hourly_updates because it was found in queue for ipshopy.localhost
2026-02-26 16:09:49,499 ERROR scheduler Skipped queueing frappe.oauth.delete_oauth2_data because it was found in queue for ipshopy.localhost
2026-02-26 16:09:49,501 ERROR scheduler Skipped queueing frappe.email.queue.retry_sending_emails because it was found in queue for ipshopy.localhost
2026-02-26 16:09:49,505 ERROR scheduler Skipped queueing frappe.email.queue.flush because it was found in queue for ipshopy.localhost
2026-02-26 16:09:49,508 ERROR scheduler Skipped queueing crm.api.event.trigger_offset_event_notifications because it was found in queue for ipshopy.localhost
2026-02-26 16:09:49,511 ERROR scheduler Skipped queueing frappe.twofactor.delete_all_barcodes_for_users because it was found in queue for ipshopy.localhost
2026-02-26 16:09:49,513 ERROR scheduler Skipped queueing frappe.core.doctype.prepared_report.prepared_report.expire_stalled_report because it was found in queue for ipshopy.localhost
2026-02-26 16:09:49,520 ERROR scheduler Skipped queueing frappe.website.doctype.personal_data_deletion_request.personal_data_deletion_request.process_data_deletion_request because it was found in queue for ipshopy.localhost
2026-02-26 16:09:49,522 ERROR scheduler Skipped queueing frappe.integrations.doctype.google_calendar.google_calendar.sync because it was found in queue for ipshopy.localhost
2026-02-26 16:09:49,526 ERROR scheduler Skipped queueing crm.lead_syncing.background_sync.sync_leads_from_sources_2_minutes because it was found in queue for ipshopy.localhost
2026-02-26 16:09:49,529 ERROR scheduler Skipped queueing crm.lead_syncing.background_sync.sync_leads_from_sources_5_minutes because it was found in queue for ipshopy.localhost
2026-02-26 16:10:49,627 ERROR scheduler Skipped queueing crm.lead_syncing.background_sync.sync_leads_from_sources_hourly because it was found in queue for ipshopy.localhost
2026-02-26 16:10:49,630 ERROR scheduler Skipped queueing frappe.website.doctype.personal_data_deletion_request.personal_data_deletion_request.process_data_deletion_request because it was found in queue for ipshopy.localhost
2026-02-26 16:10:49,632 ERROR scheduler Skipped queueing frappe.website.doctype.web_page.web_page.check_publish_status because it was found in queue for ipshopy.localhost
2026-02-26 16:10:49,634 ERROR scheduler Skipped queueing frappe.oauth.delete_oauth2_data because it was found in queue for ipshopy.localhost
2026-02-26 16:10:49,636 ERROR scheduler Skipped queueing frappe.model.utils.user_settings.sync_user_settings because it was found in queue for ipshopy.localhost
2026-02-26 16:10:49,639 ERROR scheduler Skipped queueing frappe.integrations.doctype.google_calendar.google_calendar.sync because it was found in queue for ipshopy.localhost
2026-02-26 16:10:49,642 ERROR scheduler Skipped queueing frappe.monitor.flush because it was found in queue for ipshopy.localhost
2026-02-26 16:10:49,644 ERROR scheduler Skipped queueing frappe.email.queue.retry_sending_emails because it was found in queue for ipshopy.localhost
2026-02-26 16:10:49,649 ERROR scheduler Skipped queueing frappe.twofactor.delete_all_barcodes_for_users because it was found in queue for ipshopy.localhost
2026-02-26 16:10:49,651 ERROR scheduler Skipped queueing crm.lead_syncing.background_sync.sync_leads_from_sources_5_minutes because it was found in queue for ipshopy.localhost
2026-02-26 16:10:49,665 ERROR scheduler Skipped queueing crm.api.event.trigger_offset_event_notifications because it was found in queue for ipshopy.localhost
2026-02-26 16:10:49,670 ERROR scheduler Skipped queueing crm.lead_syncing.background_sync.sync_leads_from_sources_2_minutes because it was found in queue for ipshopy.localhost
2026-02-26 16:10:49,671 ERROR scheduler Skipped queueing frappe.desk.utils.delete_old_exported_report_files because it was found in queue for ipshopy.localhost
2026-02-26 16:10:49,672 ERROR scheduler Skipped queueing frappe.core.doctype.prepared_report.prepared_report.expire_stalled_report because it was found in queue for ipshopy.localhost
2026-02-26 16:10:49,673 ERROR scheduler Skipped queueing frappe.email.queue.flush because it was found in queue for ipshopy.localhost
2026-02-26 16:10:49,676 ERROR scheduler Skipped queueing frappe.desk.form.document_follow.send_hourly_updates because it was found in queue for ipshopy.localhost
2026-02-26 16:10:49,678 ERROR scheduler Skipped queueing frappe.desk.page.backups.backups.delete_downloadable_backups because it was found in queue for ipshopy.localhost
2026-02-26 16:11:49,788 ERROR scheduler Skipped queueing frappe.website.doctype.personal_data_deletion_request.personal_data_deletion_request.process_data_deletion_request because it was found in queue for ipshopy.localhost
2026-02-26 16:11:49,791 ERROR scheduler Skipped queueing frappe.desk.page.backups.backups.delete_downloadable_backups because it was found in queue for ipshopy.localhost
2026-02-26 16:11:49,793 ERROR scheduler Skipped queueing frappe.email.queue.flush because it was found in queue for ipshopy.localhost
2026-02-26 16:11:49,797 ERROR scheduler Skipped queueing frappe.twofactor.delete_all_barcodes_for_users because it was found in queue for ipshopy.localhost
2026-02-26 16:11:49,801 ERROR scheduler Skipped queueing frappe.integrations.doctype.google_calendar.google_calendar.sync because it was found in queue for ipshopy.localhost
2026-02-26 16:11:49,803 ERROR scheduler Skipped queueing frappe.desk.form.document_follow.send_hourly_updates because it was found in queue for ipshopy.localhost
2026-02-26 16:11:49,806 ERROR scheduler Skipped queueing frappe.oauth.delete_oauth2_data because it was found in queue for ipshopy.localhost
2026-02-26 16:11:49,810 ERROR scheduler Skipped queueing frappe.model.utils.user_settings.sync_user_settings because it was found in queue for ipshopy.localhost
2026-02-26 16:11:49,811 ERROR scheduler Skipped queueing frappe.core.doctype.prepared_report.prepared_report.expire_stalled_report because it was found in queue for ipshopy.localhost
2026-02-26 16:11:49,815 ERROR scheduler Skipped queueing crm.api.event.trigger_offset_event_notifications because it was found in queue for ipshopy.localhost
2026-02-26 16:11:49,817 ERROR scheduler Skipped queueing frappe.desk.utils.delete_old_exported_report_files because it was found in queue for ipshopy.localhost
2026-02-26 16:11:49,826 ERROR scheduler Skipped queueing frappe.monitor.flush because it was found in queue for ipshopy.localhost
2026-02-26 16:11:49,830 ERROR scheduler Skipped queueing frappe.website.doctype.web_page.web_page.check_publish_status because it was found in queue for ipshopy.localhost
2026-02-26 16:11:49,833 ERROR scheduler Skipped queueing crm.lead_syncing.background_sync.sync_leads_from_sources_hourly because it was found in queue for ipshopy.localhost
2026-02-27 09:15:15,643 ERROR scheduler Skipped queueing frappe.website.doctype.web_page.web_page.check_publish_status because it was found in queue for ipshopy.localhost
2026-02-27 09:15:15,650 ERROR scheduler Skipped queueing frappe.website.doctype.personal_data_deletion_request.personal_data_deletion_request.remove_unverified_record because it was found in queue for ipshopy.localhost
2026-02-27 09:15:15,653 ERROR scheduler Skipped queueing frappe.desk.page.backups.backups.delete_downloadable_backups because it was found in queue for ipshopy.localhost
2026-02-27 09:15:15,658 ERROR scheduler Skipped queueing frappe.integrations.doctype.s3_backup_settings.s3_backup_settings.take_backups_daily because it was found in queue for ipshopy.localhost
2026-02-27 09:15:15,704 ERROR scheduler Skipped queueing frappe.core.doctype.user_invitation.user_invitation.mark_expired_invitations because it was found in queue for ipshopy.localhost
2026-02-27 09:15:15,711 ERROR scheduler Skipped queueing frappe.integrations.doctype.google_contacts.google_contacts.sync because it was found in queue for ipshopy.localhost
2026-02-27 09:15:15,718 ERROR scheduler Skipped queueing frappe.integrations.doctype.google_drive.google_drive.daily_backup because it was found in queue for ipshopy.localhost
2026-02-27 09:15:15,724 ERROR scheduler Skipped queueing crm.lead_syncing.background_sync.sync_leads_from_sources_daily because it was found in queue for ipshopy.localhost
2026-02-27 09:15:15,748 ERROR scheduler Skipped queueing frappe.model.utils.user_settings.sync_user_settings because it was found in queue for ipshopy.localhost
2026-02-27 09:15:15,756 ERROR scheduler Skipped queueing frappe.core.doctype.log_settings.log_settings.run_log_clean_up because it was found in queue for ipshopy.localhost
2026-02-27 09:15:15,768 ERROR scheduler Skipped queueing frappe.integrations.doctype.dropbox_settings.dropbox_settings.take_backups_daily because it was found in queue for ipshopy.localhost
2026-02-27 09:15:15,789 ERROR scheduler Skipped queueing frappe.email.doctype.auto_email_report.auto_email_report.send_daily because it was found in queue for ipshopy.localhost
